2023/12/11 08:31:40 [notice] 1#1: using the "epoll" event method
2023/12/11 08:31:40 [notice] 1#1: nginx/1.25.2
2023/12/11 08:31:40 [notice] 1#1: built by gcc 12.2.0 (Debian 12.2.0-14) 
2023/12/11 08:31:40 [notice] 1#1: OS: Linux 6.2.0-32-generic
2023/12/11 08:31:40 [notice] 1#1: getrlimit(RLIMIT_NOFILE): 1048576:1048576
2023/12/11 08:31:40 [notice] 1#1: start worker processes
2023/12/11 08:31:40 [notice] 1#1: start worker process 28
2023/12/11 08:31:40 [notice] 1#1: start worker process 29
2023/12/11 08:31:40 [notice] 1#1: start worker process 30
2023/12/11 08:31:40 [notice] 1#1: start worker process 31
2023/12/11 08:31:40 [notice] 1#1: start worker process 32
2023/12/11 08:31:40 [notice] 1#1: start worker process 33
2023/12/11 08:31:40 [notice] 1#1: start worker process 34
2023/12/11 08:31:40 [notice] 1#1: start worker process 35
2023/12/11 08:31:40 [notice] 1#1: start worker process 36
2023/12/11 08:31:40 [notice] 1#1: start worker process 37
2023/12/11 08:31:40 [notice] 1#1: start worker process 38
2023/12/11 08:31:40 [notice] 1#1: start worker process 39
2023/12/11 08:31:40 [notice] 1#1: start worker process 40
2023/12/11 08:31:40 [notice] 1#1: start worker process 41
2023/12/11 08:31:40 [notice] 1#1: start worker process 42
2023/12/11 08:31:40 [notice] 1#1: start worker process 43
2023/12/11 11:57:34 [notice] 1#1: using the "epoll" event method
2023/12/11 11:57:34 [notice] 1#1: nginx/1.25.2
2023/12/11 11:57:34 [notice] 1#1: built by gcc 12.2.0 (Debian 12.2.0-14) 
2023/12/11 11:57:34 [notice] 1#1: OS: Linux 6.2.0-32-generic
2023/12/11 11:57:34 [notice] 1#1: getrlimit(RLIMIT_NOFILE): 1048576:1048576
2023/12/11 11:57:34 [notice] 1#1: start worker processes
2023/12/11 11:57:34 [notice] 1#1: start worker process 28
2023/12/11 11:57:34 [notice] 1#1: start worker process 29
2023/12/11 11:57:34 [notice] 1#1: start worker process 30
2023/12/11 11:57:34 [notice] 1#1: start worker process 31
2023/12/11 11:57:34 [notice] 1#1: start worker process 32
2023/12/11 11:57:34 [notice] 1#1: start worker process 33
2023/12/11 11:57:34 [notice] 1#1: start worker process 34
2023/12/11 11:57:34 [notice] 1#1: start worker process 35
2023/12/11 11:57:34 [notice] 1#1: start worker process 36
2023/12/11 11:57:34 [notice] 1#1: start worker process 37
2023/12/11 11:57:34 [notice] 1#1: start worker process 38
2023/12/11 11:57:34 [notice] 1#1: start worker process 39
2023/12/11 11:57:34 [notice] 1#1: start worker process 40
2023/12/11 11:57:34 [notice] 1#1: start worker process 41
2023/12/11 11:57:34 [notice] 1#1: start worker process 42
2023/12/11 11:57:34 [notice] 1#1: start worker process 43
2023/12/11 12:02:41 [notice] 1#1: signal 3 (SIGQUIT) received, shutting down
2023/12/11 12:02:41 [notice] 29#29: gracefully shutting down
2023/12/11 12:02:41 [notice] 33#33: gracefully shutting down
2023/12/11 12:02:41 [notice] 36#36: gracefully shutting down
2023/12/11 12:02:41 [notice] 29#29: exiting
2023/12/11 12:02:41 [notice] 37#37: gracefully shutting down
2023/12/11 12:02:41 [notice] 39#39: gracefully shutting down
2023/12/11 12:02:41 [notice] 28#28: gracefully shutting down
2023/12/11 12:02:41 [notice] 31#31: gracefully shutting down
2023/12/11 12:02:41 [notice] 33#33: exiting
2023/12/11 12:02:41 [notice] 40#40: gracefully shutting down
2023/12/11 12:02:41 [notice] 34#34: gracefully shutting down
2023/12/11 12:02:41 [notice] 35#35: gracefully shutting down
2023/12/11 12:02:41 [notice] 32#32: gracefully shutting down
2023/12/11 12:02:41 [notice] 36#36: exiting
2023/12/11 12:02:41 [notice] 38#38: gracefully shutting down
2023/12/11 12:02:41 [notice] 35#35: exiting
2023/12/11 12:02:41 [notice] 30#30: gracefully shutting down
2023/12/11 12:02:41 [notice] 37#37: exiting
2023/12/11 12:02:41 [notice] 41#41: gracefully shutting down
2023/12/11 12:02:41 [notice] 39#39: exiting
2023/12/11 12:02:41 [notice] 28#28: exiting
2023/12/11 12:02:41 [notice] 31#31: exiting
2023/12/11 12:02:41 [notice] 29#29: exit
2023/12/11 12:02:41 [notice] 40#40: exiting
2023/12/11 12:02:41 [notice] 34#34: exiting
2023/12/11 12:02:41 [notice] 35#35: exit
2023/12/11 12:02:41 [notice] 33#33: exit
2023/12/11 12:02:41 [notice] 32#32: exiting
2023/12/11 12:02:41 [notice] 38#38: exiting
2023/12/11 12:02:41 [notice] 30#30: exiting
2023/12/11 12:02:41 [notice] 36#36: exit
2023/12/11 12:02:41 [notice] 41#41: exiting
2023/12/11 12:02:41 [notice] 37#37: exit
2023/12/11 12:02:41 [notice] 39#39: exit
2023/12/11 12:02:41 [notice] 28#28: exit
2023/12/11 12:02:41 [notice] 40#40: exit
2023/12/11 12:02:41 [notice] 31#31: exit
2023/12/11 12:02:41 [notice] 34#34: exit
2023/12/11 12:02:41 [notice] 32#32: exit
2023/12/11 12:02:41 [notice] 38#38: exit
2023/12/11 12:02:41 [notice] 30#30: exit
2023/12/11 12:02:41 [notice] 41#41: exit
2023/12/11 12:02:41 [notice] 42#42: gracefully shutting down
2023/12/11 12:02:41 [notice] 42#42: exiting
2023/12/11 12:02:41 [notice] 42#42: exit
2023/12/11 12:02:41 [notice] 43#43: gracefully shutting down
2023/12/11 12:02:41 [notice] 43#43: exiting
2023/12/11 12:02:41 [notice] 43#43: exit
2023/12/11 12:02:41 [notice] 1#1: signal 17 (SIGCHLD) received from 30
2023/12/11 12:02:41 [notice] 1#1: worker process 30 exited with code 0
2023/12/11 12:02:41 [notice] 1#1: signal 29 (SIGIO) received
2023/12/11 12:02:41 [notice] 1#1: signal 17 (SIGCHLD) received from 28
2023/12/11 12:02:41 [notice] 1#1: worker process 28 exited with code 0
2023/12/11 12:02:41 [notice] 1#1: worker process 33 exited with code 0
2023/12/11 12:02:41 [notice] 1#1: signal 29 (SIGIO) received
2023/12/11 12:02:41 [notice] 1#1: signal 17 (SIGCHLD) received from 33
2023/12/11 12:02:41 [notice] 1#1: signal 17 (SIGCHLD) received from 36
2023/12/11 12:02:41 [notice] 1#1: worker process 36 exited with code 0
2023/12/11 12:02:41 [notice] 1#1: signal 29 (SIGIO) received
2023/12/11 12:02:41 [notice] 1#1: signal 17 (SIGCHLD) received from 39
2023/12/11 12:02:41 [notice] 1#1: worker process 29 exited with code 0
2023/12/11 12:02:41 [notice] 1#1: worker process 39 exited with code 0
2023/12/11 12:02:41 [notice] 1#1: signal 29 (SIGIO) received
2023/12/11 12:02:41 [notice] 1#1: signal 17 (SIGCHLD) received from 37
2023/12/11 12:02:41 [notice] 1#1: worker process 37 exited with code 0
2023/12/11 12:02:41 [notice] 1#1: signal 29 (SIGIO) received
2023/12/11 12:02:41 [notice] 1#1: signal 17 (SIGCHLD) received from 34
2023/12/11 12:02:41 [notice] 1#1: worker process 34 exited with code 0
2023/12/11 12:02:41 [notice] 1#1: signal 29 (SIGIO) received
2023/12/11 12:02:41 [notice] 1#1: signal 17 (SIGCHLD) received from 42
2023/12/11 12:02:41 [notice] 1#1: worker process 42 exited with code 0
2023/12/11 12:02:41 [notice] 1#1: signal 29 (SIGIO) received
2023/12/11 12:02:41 [notice] 1#1: signal 17 (SIGCHLD) received from 40
2023/12/11 12:02:41 [notice] 1#1: worker process 40 exited with code 0
2023/12/11 12:02:41 [notice] 1#1: signal 29 (SIGIO) received
2023/12/11 12:02:41 [notice] 1#1: signal 17 (SIGCHLD) received from 41
2023/12/11 12:02:41 [notice] 1#1: worker process 41 exited with code 0
2023/12/11 12:02:41 [notice] 1#1: signal 29 (SIGIO) received
2023/12/11 12:02:41 [notice] 1#1: signal 17 (SIGCHLD) received from 35
2023/12/11 12:02:41 [notice] 1#1: worker process 35 exited with code 0
2023/12/11 12:02:41 [notice] 1#1: signal 29 (SIGIO) received
2023/12/11 12:02:41 [notice] 1#1: signal 17 (SIGCHLD) received from 32
2023/12/11 12:02:41 [notice] 1#1: worker process 32 exited with code 0
2023/12/11 12:02:41 [notice] 1#1: signal 29 (SIGIO) received
2023/12/11 12:02:41 [notice] 1#1: signal 17 (SIGCHLD) received from 43
2023/12/11 12:02:41 [notice] 1#1: worker process 43 exited with code 0
2023/12/11 12:02:41 [notice] 1#1: signal 29 (SIGIO) received
2023/12/11 12:02:41 [notice] 1#1: signal 17 (SIGCHLD) received from 38
2023/12/11 12:02:41 [notice] 1#1: worker process 38 exited with code 0
2023/12/11 12:02:41 [notice] 1#1: signal 29 (SIGIO) received
2023/12/11 12:02:41 [notice] 1#1: signal 17 (SIGCHLD) received from 31
2023/12/11 12:02:41 [notice] 1#1: worker process 31 exited with code 0
2023/12/11 12:02:41 [notice] 1#1: exit
2023/12/12 07:39:31 [notice] 1#1: using the "epoll" event method
2023/12/12 07:39:31 [notice] 1#1: nginx/1.25.2
2023/12/12 07:39:31 [notice] 1#1: built by gcc 12.2.0 (Debian 12.2.0-14) 
2023/12/12 07:39:31 [notice] 1#1: OS: Linux 6.2.0-32-generic
2023/12/12 07:39:31 [notice] 1#1: getrlimit(RLIMIT_NOFILE): 1048576:1048576
2023/12/12 07:39:31 [notice] 1#1: start worker processes
2023/12/12 07:39:31 [notice] 1#1: start worker process 28
2023/12/12 07:39:31 [notice] 1#1: start worker process 29
2023/12/12 07:39:31 [notice] 1#1: start worker process 30
2023/12/12 07:39:31 [notice] 1#1: start worker process 31
2023/12/12 07:39:31 [notice] 1#1: start worker process 32
2023/12/12 07:39:31 [notice] 1#1: start worker process 33
2023/12/12 07:39:31 [notice] 1#1: start worker process 34
2023/12/12 07:39:31 [notice] 1#1: start worker process 35
2023/12/12 07:39:31 [notice] 1#1: start worker process 36
2023/12/12 07:39:31 [notice] 1#1: start worker process 37
2023/12/12 07:39:31 [notice] 1#1: start worker process 38
2023/12/12 07:39:31 [notice] 1#1: start worker process 39
2023/12/12 07:39:31 [notice] 1#1: start worker process 40
2023/12/12 07:39:31 [notice] 1#1: start worker process 41
2023/12/12 07:39:31 [notice] 1#1: start worker process 42
2023/12/12 07:39:31 [notice] 1#1: start worker process 43
2023/12/12 09:36:23 [notice] 1#1: signal 3 (SIGQUIT) received, shutting down
2023/12/12 09:36:23 [notice] 29#29: gracefully shutting down
2023/12/12 09:36:23 [notice] 28#28: gracefully shutting down
2023/12/12 09:36:23 [notice] 30#30: gracefully shutting down
2023/12/12 09:36:23 [notice] 31#31: gracefully shutting down
2023/12/12 09:36:23 [notice] 32#32: gracefully shutting down
2023/12/12 09:36:23 [notice] 33#33: gracefully shutting down
2023/12/12 09:36:23 [notice] 35#35: gracefully shutting down
2023/12/12 09:36:23 [notice] 34#34: gracefully shutting down
2023/12/12 09:36:23 [notice] 36#36: gracefully shutting down
2023/12/12 09:36:23 [notice] 29#29: exiting
2023/12/12 09:36:23 [notice] 38#38: gracefully shutting down
2023/12/12 09:36:23 [notice] 28#28: exiting
2023/12/12 09:36:23 [notice] 37#37: gracefully shutting down
2023/12/12 09:36:23 [notice] 39#39: gracefully shutting down
2023/12/12 09:36:23 [notice] 40#40: gracefully shutting down
2023/12/12 09:36:23 [notice] 30#30: exiting
2023/12/12 09:36:23 [notice] 31#31: exiting
2023/12/12 09:36:23 [notice] 43#43: gracefully shutting down
2023/12/12 09:36:23 [notice] 32#32: exiting
2023/12/12 09:36:23 [notice] 33#33: exiting
2023/12/12 09:36:23 [notice] 35#35: exiting
2023/12/12 09:36:23 [notice] 34#34: exiting
2023/12/12 09:36:23 [notice] 36#36: exiting
2023/12/12 09:36:23 [notice] 38#38: exiting
2023/12/12 09:36:23 [notice] 37#37: exiting
2023/12/12 09:36:23 [notice] 39#39: exiting
2023/12/12 09:36:23 [notice] 40#40: exiting
2023/12/12 09:36:23 [notice] 28#28: exit
2023/12/12 09:36:23 [notice] 29#29: exit
2023/12/12 09:36:23 [notice] 43#43: exiting
2023/12/12 09:36:23 [notice] 33#33: exit
2023/12/12 09:36:23 [notice] 31#31: exit
2023/12/12 09:36:23 [notice] 30#30: exit
2023/12/12 09:36:23 [notice] 32#32: exit
2023/12/12 09:36:23 [notice] 34#34: exit
2023/12/12 09:36:23 [notice] 35#35: exit
2023/12/12 09:36:23 [notice] 38#38: exit
2023/12/12 09:36:23 [notice] 36#36: exit
2023/12/12 09:36:23 [notice] 40#40: exit
2023/12/12 09:36:23 [notice] 39#39: exit
2023/12/12 09:36:23 [notice] 37#37: exit
2023/12/12 09:36:23 [notice] 43#43: exit
2023/12/12 09:36:23 [notice] 42#42: gracefully shutting down
2023/12/12 09:36:23 [notice] 42#42: exiting
2023/12/12 09:36:23 [notice] 42#42: exit
2023/12/12 09:36:23 [notice] 41#41: gracefully shutting down
2023/12/12 09:36:23 [notice] 41#41: exiting
2023/12/12 09:36:23 [notice] 41#41: exit
2023/12/12 09:36:23 [notice] 1#1: signal 17 (SIGCHLD) received from 30
2023/12/12 09:36:23 [notice] 1#1: worker process 30 exited with code 0
2023/12/12 09:36:23 [notice] 1#1: signal 29 (SIGIO) received
2023/12/12 09:36:23 [notice] 1#1: signal 17 (SIGCHLD) received from 39
2023/12/12 09:36:23 [notice] 1#1: worker process 33 exited with code 0
2023/12/12 09:36:23 [notice] 1#1: worker process 39 exited with code 0
2023/12/12 09:36:23 [notice] 1#1: signal 29 (SIGIO) received
2023/12/12 09:36:23 [notice] 1#1: signal 17 (SIGCHLD) received from 35
2023/12/12 09:36:23 [notice] 1#1: worker process 35 exited with code 0
2023/12/12 09:36:23 [notice] 1#1: signal 29 (SIGIO) received
2023/12/12 09:36:23 [notice] 1#1: signal 17 (SIGCHLD) received from 40
2023/12/12 09:36:23 [notice] 1#1: worker process 40 exited with code 0
2023/12/12 09:36:23 [notice] 1#1: signal 29 (SIGIO) received
2023/12/12 09:36:23 [notice] 1#1: signal 17 (SIGCHLD) received from 41
2023/12/12 09:36:23 [notice] 1#1: worker process 38 exited with code 0
2023/12/12 09:36:23 [notice] 1#1: worker process 41 exited with code 0
2023/12/12 09:36:23 [notice] 1#1: worker process 43 exited with code 0
2023/12/12 09:36:23 [notice] 1#1: signal 29 (SIGIO) received
2023/12/12 09:36:23 [notice] 1#1: signal 17 (SIGCHLD) received from 34
2023/12/12 09:36:23 [notice] 1#1: worker process 34 exited with code 0
2023/12/12 09:36:23 [notice] 1#1: signal 29 (SIGIO) received
2023/12/12 09:36:23 [notice] 1#1: signal 17 (SIGCHLD) received from 28
2023/12/12 09:36:23 [notice] 1#1: worker process 28 exited with code 0
2023/12/12 09:36:23 [notice] 1#1: signal 29 (SIGIO) received
2023/12/12 09:36:23 [notice] 1#1: signal 17 (SIGCHLD) received from 29
2023/12/12 09:36:23 [notice] 1#1: worker process 29 exited with code 0
2023/12/12 09:36:23 [notice] 1#1: signal 29 (SIGIO) received
2023/12/12 09:36:23 [notice] 1#1: signal 17 (SIGCHLD) received from 42
2023/12/12 09:36:23 [notice] 1#1: worker process 42 exited with code 0
2023/12/12 09:36:23 [notice] 1#1: signal 29 (SIGIO) received
2023/12/12 09:36:23 [notice] 1#1: signal 17 (SIGCHLD) received from 36
2023/12/12 09:36:23 [notice] 1#1: worker process 36 exited with code 0
2023/12/12 09:36:23 [notice] 1#1: signal 29 (SIGIO) received
2023/12/12 09:36:23 [notice] 1#1: signal 17 (SIGCHLD) received from 32
2023/12/12 09:36:23 [notice] 1#1: worker process 32 exited with code 0
2023/12/12 09:36:23 [notice] 1#1: signal 29 (SIGIO) received
2023/12/12 09:36:23 [notice] 1#1: signal 17 (SIGCHLD) received from 37
2023/12/12 09:36:23 [notice] 1#1: worker process 37 exited with code 0
2023/12/12 09:36:23 [notice] 1#1: signal 29 (SIGIO) received
2023/12/12 09:36:23 [notice] 1#1: signal 17 (SIGCHLD) received from 31
2023/12/12 09:36:23 [notice] 1#1: worker process 31 exited with code 0
2023/12/12 09:36:23 [notice] 1#1: exit
2023/12/12 09:36:52 [notice] 1#1: using the "epoll" event method
2023/12/12 09:36:52 [notice] 1#1: nginx/1.25.2
2023/12/12 09:36:52 [notice] 1#1: built by gcc 12.2.0 (Debian 12.2.0-14) 
2023/12/12 09:36:52 [notice] 1#1: OS: Linux 6.2.0-32-generic
2023/12/12 09:36:52 [notice] 1#1: getrlimit(RLIMIT_NOFILE): 1048576:1048576
2023/12/12 09:36:52 [notice] 1#1: start worker processes
2023/12/12 09:36:52 [notice] 1#1: start worker process 28
2023/12/12 09:36:52 [notice] 1#1: start worker process 29
2023/12/12 09:36:52 [notice] 1#1: start worker process 30
2023/12/12 09:36:52 [notice] 1#1: start worker process 31
2023/12/12 09:36:52 [notice] 1#1: start worker process 32
2023/12/12 09:36:52 [notice] 1#1: start worker process 33
2023/12/12 09:36:52 [notice] 1#1: start worker process 34
2023/12/12 09:36:52 [notice] 1#1: start worker process 35
2023/12/12 09:36:52 [notice] 1#1: start worker process 36
2023/12/12 09:36:52 [notice] 1#1: start worker process 37
2023/12/12 09:36:52 [notice] 1#1: start worker process 38
2023/12/12 09:36:52 [notice] 1#1: start worker process 39
2023/12/12 09:36:52 [notice] 1#1: start worker process 40
2023/12/12 09:36:52 [notice] 1#1: start worker process 41
2023/12/12 09:36:52 [notice] 1#1: start worker process 42
2023/12/12 09:36:52 [notice] 1#1: start worker process 43
2023/12/12 09:50:06 [notice] 1#1: signal 3 (SIGQUIT) received, shutting down
2023/12/12 09:50:06 [notice] 28#28: gracefully shutting down
2023/12/12 09:50:06 [notice] 29#29: gracefully shutting down
2023/12/12 09:50:06 [notice] 30#30: gracefully shutting down
2023/12/12 09:50:06 [notice] 31#31: gracefully shutting down
2023/12/12 09:50:06 [notice] 28#28: exiting
2023/12/12 09:50:06 [notice] 29#29: exiting
2023/12/12 09:50:06 [notice] 32#32: gracefully shutting down
2023/12/12 09:50:06 [notice] 33#33: gracefully shutting down
2023/12/12 09:50:06 [notice] 34#34: gracefully shutting down
2023/12/12 09:50:06 [notice] 35#35: gracefully shutting down
2023/12/12 09:50:06 [notice] 30#30: exiting
2023/12/12 09:50:06 [notice] 36#36: gracefully shutting down
2023/12/12 09:50:06 [notice] 38#38: gracefully shutting down
2023/12/12 09:50:06 [notice] 31#31: exiting
2023/12/12 09:50:06 [notice] 37#37: gracefully shutting down
2023/12/12 09:50:06 [notice] 39#39: gracefully shutting down
2023/12/12 09:50:06 [notice] 40#40: gracefully shutting down
2023/12/12 09:50:06 [notice] 32#32: exiting
2023/12/12 09:50:06 [notice] 41#41: gracefully shutting down
2023/12/12 09:50:06 [notice] 33#33: exiting
2023/12/12 09:50:06 [notice] 28#28: exit
2023/12/12 09:50:06 [notice] 34#34: exiting
2023/12/12 09:50:06 [notice] 29#29: exit
2023/12/12 09:50:06 [notice] 35#35: exiting
2023/12/12 09:50:06 [notice] 36#36: exiting
2023/12/12 09:50:06 [notice] 38#38: exiting
2023/12/12 09:50:06 [notice] 37#37: exiting
2023/12/12 09:50:06 [notice] 39#39: exiting
2023/12/12 09:50:06 [notice] 30#30: exit
2023/12/12 09:50:06 [notice] 32#32: exit
2023/12/12 09:50:06 [notice] 40#40: exiting
2023/12/12 09:50:06 [notice] 31#31: exit
2023/12/12 09:50:06 [notice] 41#41: exiting
2023/12/12 09:50:06 [notice] 33#33: exit
2023/12/12 09:50:06 [notice] 34#34: exit
2023/12/12 09:50:06 [notice] 35#35: exit
2023/12/12 09:50:06 [notice] 36#36: exit
2023/12/12 09:50:06 [notice] 38#38: exit
2023/12/12 09:50:06 [notice] 37#37: exit
2023/12/12 09:50:06 [notice] 39#39: exit
2023/12/12 09:50:06 [notice] 40#40: exit
2023/12/12 09:50:06 [notice] 41#41: exit
2023/12/12 09:50:06 [notice] 43#43: gracefully shutting down
2023/12/12 09:50:06 [notice] 43#43: exiting
2023/12/12 09:50:06 [notice] 43#43: exit
2023/12/12 09:50:06 [notice] 42#42: gracefully shutting down
2023/12/12 09:50:06 [notice] 42#42: exiting
2023/12/12 09:50:06 [notice] 42#42: exit
2023/12/12 09:50:06 [notice] 1#1: signal 17 (SIGCHLD) received from 33
2023/12/12 09:50:06 [notice] 1#1: worker process 33 exited with code 0
2023/12/12 09:50:06 [notice] 1#1: worker process 35 exited with code 0
2023/12/12 09:50:06 [notice] 1#1: signal 29 (SIGIO) received
2023/12/12 09:50:06 [notice] 1#1: signal 17 (SIGCHLD) received from 35
2023/12/12 09:50:06 [notice] 1#1: worker process 30 exited with code 0
2023/12/12 09:50:06 [notice] 1#1: worker process 32 exited with code 0
2023/12/12 09:50:06 [notice] 1#1: worker process 36 exited with code 0
2023/12/12 09:50:06 [notice] 1#1: signal 29 (SIGIO) received
2023/12/12 09:50:06 [notice] 1#1: signal 17 (SIGCHLD) received from 32
2023/12/12 09:50:06 [notice] 1#1: signal 17 (SIGCHLD) received from 43
2023/12/12 09:50:06 [notice] 1#1: worker process 29 exited with code 0
2023/12/12 09:50:06 [notice] 1#1: worker process 31 exited with code 0
2023/12/12 09:50:06 [notice] 1#1: worker process 39 exited with code 0
2023/12/12 09:50:06 [notice] 1#1: worker process 43 exited with code 0
2023/12/12 09:50:06 [notice] 1#1: signal 29 (SIGIO) received
2023/12/12 09:50:06 [notice] 1#1: signal 17 (SIGCHLD) received from 37
2023/12/12 09:50:06 [notice] 1#1: worker process 37 exited with code 0
2023/12/12 09:50:06 [notice] 1#1: signal 29 (SIGIO) received
2023/12/12 09:50:06 [notice] 1#1: signal 17 (SIGCHLD) received from 41
2023/12/12 09:50:06 [notice] 1#1: worker process 41 exited with code 0
2023/12/12 09:50:06 [notice] 1#1: signal 29 (SIGIO) received
2023/12/12 09:50:06 [notice] 1#1: signal 17 (SIGCHLD) received from 42
2023/12/12 09:50:06 [notice] 1#1: worker process 42 exited with code 0
2023/12/12 09:50:06 [notice] 1#1: signal 29 (SIGIO) received
2023/12/12 09:50:06 [notice] 1#1: signal 17 (SIGCHLD) received from 38
2023/12/12 09:50:06 [notice] 1#1: worker process 38 exited with code 0
2023/12/12 09:50:06 [notice] 1#1: signal 29 (SIGIO) received
2023/12/12 09:50:06 [notice] 1#1: signal 17 (SIGCHLD) received from 28
2023/12/12 09:50:06 [notice] 1#1: worker process 28 exited with code 0
2023/12/12 09:50:06 [notice] 1#1: signal 29 (SIGIO) received
2023/12/12 09:50:06 [notice] 1#1: signal 17 (SIGCHLD) received from 40
2023/12/12 09:50:06 [notice] 1#1: worker process 40 exited with code 0
2023/12/12 09:50:06 [notice] 1#1: signal 17 (SIGCHLD) received from 34
2023/12/12 09:50:06 [notice] 1#1: worker process 34 exited with code 0
2023/12/12 09:50:06 [notice] 1#1: exit
2023/12/12 09:50:36 [notice] 1#1: using the "epoll" event method
2023/12/12 09:50:36 [notice] 1#1: nginx/1.25.2
2023/12/12 09:50:36 [notice] 1#1: built by gcc 12.2.0 (Debian 12.2.0-14) 
2023/12/12 09:50:36 [notice] 1#1: OS: Linux 6.2.0-32-generic
2023/12/12 09:50:36 [notice] 1#1: getrlimit(RLIMIT_NOFILE): 1048576:1048576
2023/12/12 09:50:36 [notice] 1#1: start worker processes
2023/12/12 09:50:36 [notice] 1#1: start worker process 28
2023/12/12 09:50:36 [notice] 1#1: start worker process 29
2023/12/12 09:50:36 [notice] 1#1: start worker process 30
2023/12/12 09:50:36 [notice] 1#1: start worker process 31
2023/12/12 09:50:36 [notice] 1#1: start worker process 32
2023/12/12 09:50:36 [notice] 1#1: start worker process 33
2023/12/12 09:50:36 [notice] 1#1: start worker process 34
2023/12/12 09:50:36 [notice] 1#1: start worker process 35
2023/12/12 09:50:36 [notice] 1#1: start worker process 36
2023/12/12 09:50:36 [notice] 1#1: start worker process 37
2023/12/12 09:50:36 [notice] 1#1: start worker process 38
2023/12/12 09:50:36 [notice] 1#1: start worker process 39
2023/12/12 09:50:36 [notice] 1#1: start worker process 40
2023/12/12 09:50:36 [notice] 1#1: start worker process 41
2023/12/12 09:50:36 [notice] 1#1: start worker process 42
2023/12/12 09:50:36 [notice] 1#1: start worker process 43
2023/12/12 10:17:38 [notice] 1#1: signal 3 (SIGQUIT) received, shutting down
2023/12/12 10:17:38 [notice] 28#28: gracefully shutting down
2023/12/12 10:17:38 [notice] 30#30: gracefully shutting down
2023/12/12 10:17:38 [notice] 29#29: gracefully shutting down
2023/12/12 10:17:38 [notice] 31#31: gracefully shutting down
2023/12/12 10:17:38 [notice] 34#34: gracefully shutting down
2023/12/12 10:17:38 [notice] 32#32: gracefully shutting down
2023/12/12 10:17:38 [notice] 31#31: exiting
2023/12/12 10:17:38 [notice] 28#28: exiting
2023/12/12 10:17:38 [notice] 33#33: gracefully shutting down
2023/12/12 10:17:38 [notice] 35#35: gracefully shutting down
2023/12/12 10:17:38 [notice] 36#36: gracefully shutting down
2023/12/12 10:17:38 [notice] 30#30: exiting
2023/12/12 10:17:38 [notice] 37#37: gracefully shutting down
2023/12/12 10:17:38 [notice] 29#29: exiting
2023/12/12 10:17:38 [notice] 38#38: gracefully shutting down
2023/12/12 10:17:38 [notice] 39#39: gracefully shutting down
2023/12/12 10:17:38 [notice] 40#40: gracefully shutting down
2023/12/12 10:17:38 [notice] 34#34: exiting
2023/12/12 10:17:38 [notice] 30#30: exit
2023/12/12 10:17:38 [notice] 32#32: exiting
2023/12/12 10:17:38 [notice] 33#33: exiting
2023/12/12 10:17:38 [notice] 43#43: gracefully shutting down
2023/12/12 10:17:38 [notice] 35#35: exiting
2023/12/12 10:17:38 [notice] 36#36: exiting
2023/12/12 10:17:38 [notice] 31#31: exit
2023/12/12 10:17:38 [notice] 37#37: exiting
2023/12/12 10:17:38 [notice] 28#28: exit
2023/12/12 10:17:38 [notice] 38#38: exiting
2023/12/12 10:17:38 [notice] 39#39: exiting
2023/12/12 10:17:38 [notice] 40#40: exiting
2023/12/12 10:17:38 [notice] 29#29: exit
2023/12/12 10:17:38 [notice] 43#43: exiting
2023/12/12 10:17:38 [notice] 34#34: exit
2023/12/12 10:17:38 [notice] 32#32: exit
2023/12/12 10:17:38 [notice] 33#33: exit
2023/12/12 10:17:38 [notice] 35#35: exit
2023/12/12 10:17:38 [notice] 36#36: exit
2023/12/12 10:17:38 [notice] 37#37: exit
2023/12/12 10:17:38 [notice] 39#39: exit
2023/12/12 10:17:38 [notice] 38#38: exit
2023/12/12 10:17:38 [notice] 40#40: exit
2023/12/12 10:17:38 [notice] 43#43: exit
2023/12/12 10:17:38 [notice] 42#42: gracefully shutting down
2023/12/12 10:17:38 [notice] 42#42: exiting
2023/12/12 10:17:38 [notice] 41#41: gracefully shutting down
2023/12/12 10:17:38 [notice] 42#42: exit
2023/12/12 10:17:38 [notice] 41#41: exiting
2023/12/12 10:17:38 [notice] 41#41: exit
2023/12/12 10:17:38 [notice] 1#1: signal 17 (SIGCHLD) received from 39
2023/12/12 10:17:38 [notice] 1#1: worker process 29 exited with code 0
2023/12/12 10:17:38 [notice] 1#1: worker process 39 exited with code 0
2023/12/12 10:17:38 [notice] 1#1: worker process 43 exited with code 0
2023/12/12 10:17:38 [notice] 1#1: signal 29 (SIGIO) received
2023/12/12 10:17:38 [notice] 1#1: signal 17 (SIGCHLD) received from 31
2023/12/12 10:17:38 [notice] 1#1: worker process 31 exited with code 0
2023/12/12 10:17:38 [notice] 1#1: worker process 42 exited with code 0
2023/12/12 10:17:38 [notice] 1#1: signal 29 (SIGIO) received
2023/12/12 10:17:38 [notice] 1#1: signal 17 (SIGCHLD) received from 30
2023/12/12 10:17:38 [notice] 1#1: worker process 30 exited with code 0
2023/12/12 10:17:38 [notice] 1#1: signal 29 (SIGIO) received
2023/12/12 10:17:38 [notice] 1#1: signal 17 (SIGCHLD) received from 37
2023/12/12 10:17:38 [notice] 1#1: worker process 37 exited with code 0
2023/12/12 10:17:38 [notice] 1#1: signal 29 (SIGIO) received
2023/12/12 10:17:38 [notice] 1#1: signal 17 (SIGCHLD) received from 35
2023/12/12 10:17:38 [notice] 1#1: worker process 35 exited with code 0
2023/12/12 10:17:38 [notice] 1#1: signal 29 (SIGIO) received
2023/12/12 10:17:38 [notice] 1#1: signal 17 (SIGCHLD) received from 32
2023/12/12 10:17:38 [notice] 1#1: worker process 32 exited with code 0
2023/12/12 10:17:38 [notice] 1#1: signal 29 (SIGIO) received
2023/12/12 10:17:38 [notice] 1#1: signal 17 (SIGCHLD) received from 28
2023/12/12 10:17:38 [notice] 1#1: worker process 28 exited with code 0
2023/12/12 10:17:38 [notice] 1#1: signal 29 (SIGIO) received
2023/12/12 10:17:38 [notice] 1#1: signal 17 (SIGCHLD) received from 38
2023/12/12 10:17:38 [notice] 1#1: worker process 38 exited with code 0
2023/12/12 10:17:38 [notice] 1#1: signal 29 (SIGIO) received
2023/12/12 10:17:38 [notice] 1#1: signal 17 (SIGCHLD) received from 34
2023/12/12 10:17:38 [notice] 1#1: worker process 34 exited with code 0
2023/12/12 10:17:38 [notice] 1#1: signal 29 (SIGIO) received
2023/12/12 10:17:38 [notice] 1#1: signal 17 (SIGCHLD) received from 33
2023/12/12 10:17:38 [notice] 1#1: worker process 33 exited with code 0
2023/12/12 10:17:38 [notice] 1#1: signal 29 (SIGIO) received
2023/12/12 10:17:38 [notice] 1#1: signal 17 (SIGCHLD) received from 41
2023/12/12 10:17:38 [notice] 1#1: worker process 41 exited with code 0
2023/12/12 10:17:38 [notice] 1#1: worker process 36 exited with code 0
2023/12/12 10:17:38 [notice] 1#1: signal 17 (SIGCHLD) received from 36
2023/12/12 10:17:38 [notice] 1#1: worker process 40 exited with code 0
2023/12/12 10:17:38 [notice] 1#1: exit
2023/12/12 10:24:20 [notice] 1#1: using the "epoll" event method
2023/12/12 10:24:20 [notice] 1#1: nginx/1.25.2
2023/12/12 10:24:20 [notice] 1#1: built by gcc 12.2.0 (Debian 12.2.0-14) 
2023/12/12 10:24:20 [notice] 1#1: OS: Linux 6.2.0-32-generic
2023/12/12 10:24:20 [notice] 1#1: getrlimit(RLIMIT_NOFILE): 1048576:1048576
2023/12/12 10:24:20 [notice] 1#1: start worker processes
2023/12/12 10:24:20 [notice] 1#1: start worker process 28
2023/12/12 10:24:20 [notice] 1#1: start worker process 29
2023/12/12 10:24:20 [notice] 1#1: start worker process 30
2023/12/12 10:24:20 [notice] 1#1: start worker process 31
2023/12/12 10:24:20 [notice] 1#1: start worker process 32
2023/12/12 10:24:20 [notice] 1#1: start worker process 33
2023/12/12 10:24:20 [notice] 1#1: start worker process 34
2023/12/12 10:24:20 [notice] 1#1: start worker process 35
2023/12/12 10:24:20 [notice] 1#1: start worker process 36
2023/12/12 10:24:20 [notice] 1#1: start worker process 37
2023/12/12 10:24:20 [notice] 1#1: start worker process 38
2023/12/12 10:24:20 [notice] 1#1: start worker process 39
2023/12/12 10:24:20 [notice] 1#1: start worker process 40
2023/12/12 10:24:20 [notice] 1#1: start worker process 41
2023/12/12 10:24:20 [notice] 1#1: start worker process 42
2023/12/12 10:24:20 [notice] 1#1: start worker process 43
2023/12/12 10:37:50 [notice] 1#1: signal 3 (SIGQUIT) received, shutting down
2023/12/12 10:37:50 [notice] 30#30: gracefully shutting down
2023/12/12 10:37:50 [notice] 31#31: gracefully shutting down
2023/12/12 10:37:50 [notice] 33#33: gracefully shutting down
2023/12/12 10:37:50 [notice] 31#31: exiting
2023/12/12 10:37:50 [notice] 32#32: gracefully shutting down
2023/12/12 10:37:50 [notice] 34#34: gracefully shutting down
2023/12/12 10:37:50 [notice] 35#35: gracefully shutting down
2023/12/12 10:37:50 [notice] 30#30: exiting
2023/12/12 10:37:50 [notice] 28#28: gracefully shutting down
2023/12/12 10:37:50 [notice] 38#38: gracefully shutting down
2023/12/12 10:37:50 [notice] 37#37: gracefully shutting down
2023/12/12 10:37:50 [notice] 36#36: gracefully shutting down
2023/12/12 10:37:50 [notice] 39#39: gracefully shutting down
2023/12/12 10:37:50 [notice] 33#33: exiting
2023/12/12 10:37:50 [notice] 29#29: gracefully shutting down
2023/12/12 10:37:50 [notice] 40#40: gracefully shutting down
2023/12/12 10:37:50 [notice] 32#32: exiting
2023/12/12 10:37:50 [notice] 41#41: gracefully shutting down
2023/12/12 10:37:50 [notice] 34#34: exiting
2023/12/12 10:37:50 [notice] 35#35: exiting
2023/12/12 10:37:50 [notice] 31#31: exit
2023/12/12 10:37:50 [notice] 28#28: exiting
2023/12/12 10:37:50 [notice] 38#38: exiting
2023/12/12 10:37:50 [notice] 37#37: exiting
2023/12/12 10:37:50 [notice] 30#30: exit
2023/12/12 10:37:50 [notice] 36#36: exiting
2023/12/12 10:37:50 [notice] 39#39: exiting
2023/12/12 10:37:50 [notice] 29#29: exiting
2023/12/12 10:37:50 [notice] 40#40: exiting
2023/12/12 10:37:50 [notice] 33#33: exit
2023/12/12 10:37:50 [notice] 41#41: exiting
2023/12/12 10:37:50 [notice] 32#32: exit
2023/12/12 10:37:50 [notice] 34#34: exit
2023/12/12 10:37:50 [notice] 35#35: exit
2023/12/12 10:37:50 [notice] 28#28: exit
2023/12/12 10:37:50 [notice] 38#38: exit
2023/12/12 10:37:50 [notice] 37#37: exit
2023/12/12 10:37:50 [notice] 36#36: exit
2023/12/12 10:37:50 [notice] 39#39: exit
2023/12/12 10:37:50 [notice] 40#40: exit
2023/12/12 10:37:50 [notice] 41#41: exit
2023/12/12 10:37:50 [notice] 29#29: exit
2023/12/12 10:37:50 [notice] 42#42: gracefully shutting down
2023/12/12 10:37:50 [notice] 42#42: exiting
2023/12/12 10:37:50 [notice] 43#43: gracefully shutting down
2023/12/12 10:37:50 [notice] 42#42: exit
2023/12/12 10:37:50 [notice] 43#43: exiting
2023/12/12 10:37:50 [notice] 43#43: exit
2023/12/12 10:37:50 [notice] 1#1: signal 17 (SIGCHLD) received from 34
2023/12/12 10:37:50 [notice] 1#1: worker process 34 exited with code 0
2023/12/12 10:37:50 [notice] 1#1: signal 29 (SIGIO) received
2023/12/12 10:37:50 [notice] 1#1: signal 17 (SIGCHLD) received from 43
2023/12/12 10:37:50 [notice] 1#1: worker process 43 exited with code 0
2023/12/12 10:37:50 [notice] 1#1: signal 29 (SIGIO) received
2023/12/12 10:37:50 [notice] 1#1: signal 17 (SIGCHLD) received from 29
2023/12/12 10:37:50 [notice] 1#1: worker process 29 exited with code 0
2023/12/12 10:37:50 [notice] 1#1: signal 29 (SIGIO) received
2023/12/12 10:37:50 [notice] 1#1: signal 17 (SIGCHLD) received from 37
2023/12/12 10:37:50 [notice] 1#1: worker process 31 exited with code 0
2023/12/12 10:37:50 [notice] 1#1: worker process 37 exited with code 0
2023/12/12 10:37:50 [notice] 1#1: signal 29 (SIGIO) received
2023/12/12 10:37:50 [notice] 1#1: signal 17 (SIGCHLD) received from 31
2023/12/12 10:37:50 [notice] 1#1: signal 17 (SIGCHLD) received from 40
2023/12/12 10:37:50 [notice] 1#1: worker process 40 exited with code 0
2023/12/12 10:37:50 [notice] 1#1: worker process 42 exited with code 0
2023/12/12 10:37:50 [notice] 1#1: signal 29 (SIGIO) received
2023/12/12 10:37:50 [notice] 1#1: signal 17 (SIGCHLD) received from 42
2023/12/12 10:37:50 [notice] 1#1: signal 17 (SIGCHLD) received from 33
2023/12/12 10:37:50 [notice] 1#1: worker process 30 exited with code 0
2023/12/12 10:37:50 [notice] 1#1: worker process 32 exited with code 0
2023/12/12 10:37:50 [notice] 1#1: worker process 33 exited with code 0
2023/12/12 10:37:50 [notice] 1#1: signal 29 (SIGIO) received
2023/12/12 10:37:50 [notice] 1#1: signal 17 (SIGCHLD) received from 32
2023/12/12 10:37:50 [notice] 1#1: signal 17 (SIGCHLD) received from 28
2023/12/12 10:37:50 [notice] 1#1: worker process 28 exited with code 0
2023/12/12 10:37:50 [notice] 1#1: signal 29 (SIGIO) received
2023/12/12 10:37:50 [notice] 1#1: signal 17 (SIGCHLD) received from 38
2023/12/12 10:37:50 [notice] 1#1: worker process 38 exited with code 0
2023/12/12 10:37:50 [notice] 1#1: signal 29 (SIGIO) received
2023/12/12 10:37:50 [notice] 1#1: signal 17 (SIGCHLD) received from 35
2023/12/12 10:37:50 [notice] 1#1: worker process 35 exited with code 0
2023/12/12 10:37:50 [notice] 1#1: signal 29 (SIGIO) received
2023/12/12 10:37:50 [notice] 1#1: signal 17 (SIGCHLD) received from 39
2023/12/12 10:37:50 [notice] 1#1: worker process 39 exited with code 0
2023/12/12 10:37:50 [notice] 1#1: signal 29 (SIGIO) received
2023/12/12 10:37:50 [notice] 1#1: signal 17 (SIGCHLD) received from 36
2023/12/12 10:37:50 [notice] 1#1: worker process 36 exited with code 0
2023/12/12 10:37:50 [notice] 1#1: signal 29 (SIGIO) received
2023/12/12 10:37:50 [notice] 1#1: signal 17 (SIGCHLD) received from 41
2023/12/12 10:37:50 [notice] 1#1: worker process 41 exited with code 0
2023/12/12 10:37:50 [notice] 1#1: exit
2023/12/12 10:38:44 [notice] 1#1: using the "epoll" event method
2023/12/12 10:38:44 [notice] 1#1: nginx/1.25.2
2023/12/12 10:38:44 [notice] 1#1: built by gcc 12.2.0 (Debian 12.2.0-14) 
2023/12/12 10:38:44 [notice] 1#1: OS: Linux 6.2.0-32-generic
2023/12/12 10:38:44 [notice] 1#1: getrlimit(RLIMIT_NOFILE): 1048576:1048576
2023/12/12 10:38:44 [notice] 1#1: start worker processes
2023/12/12 10:38:44 [notice] 1#1: start worker process 28
2023/12/12 10:38:44 [notice] 1#1: start worker process 29
2023/12/12 10:38:44 [notice] 1#1: start worker process 30
2023/12/12 10:38:44 [notice] 1#1: start worker process 31
2023/12/12 10:38:44 [notice] 1#1: start worker process 32
2023/12/12 10:38:44 [notice] 1#1: start worker process 33
2023/12/12 10:38:44 [notice] 1#1: start worker process 34
2023/12/12 10:38:44 [notice] 1#1: start worker process 35
2023/12/12 10:38:44 [notice] 1#1: start worker process 36
2023/12/12 10:38:44 [notice] 1#1: start worker process 37
2023/12/12 10:38:44 [notice] 1#1: start worker process 38
2023/12/12 10:38:44 [notice] 1#1: start worker process 39
2023/12/12 10:38:44 [notice] 1#1: start worker process 40
2023/12/12 10:38:44 [notice] 1#1: start worker process 41
2023/12/12 10:38:44 [notice] 1#1: start worker process 42
2023/12/12 10:38:44 [notice] 1#1: start worker process 43
2023/12/12 10:41:02 [notice] 1#1: signal 3 (SIGQUIT) received, shutting down
2023/12/12 10:41:02 [notice] 28#28: gracefully shutting down
2023/12/12 10:41:02 [notice] 29#29: gracefully shutting down
2023/12/12 10:41:02 [notice] 30#30: gracefully shutting down
2023/12/12 10:41:02 [notice] 31#31: gracefully shutting down
2023/12/12 10:41:02 [notice] 38#38: gracefully shutting down
2023/12/12 10:41:02 [notice] 32#32: gracefully shutting down
2023/12/12 10:41:02 [notice] 33#33: gracefully shutting down
2023/12/12 10:41:02 [notice] 35#35: gracefully shutting down
2023/12/12 10:41:02 [notice] 34#34: gracefully shutting down
2023/12/12 10:41:02 [notice] 28#28: exiting
2023/12/12 10:41:02 [notice] 37#37: gracefully shutting down
2023/12/12 10:41:02 [notice] 36#36: gracefully shutting down
2023/12/12 10:41:02 [notice] 29#29: exiting
2023/12/12 10:41:02 [notice] 39#39: gracefully shutting down
2023/12/12 10:41:02 [notice] 40#40: gracefully shutting down
2023/12/12 10:41:02 [notice] 30#30: exiting
2023/12/12 10:41:02 [notice] 31#31: exiting
2023/12/12 10:41:02 [notice] 38#38: exiting
2023/12/12 10:41:02 [notice] 43#43: gracefully shutting down
2023/12/12 10:41:02 [notice] 42#42: gracefully shutting down
2023/12/12 10:41:02 [notice] 32#32: exiting
2023/12/12 10:41:02 [notice] 33#33: exiting
2023/12/12 10:41:02 [notice] 35#35: exiting
2023/12/12 10:41:02 [notice] 34#34: exiting
2023/12/12 10:41:02 [notice] 37#37: exiting
2023/12/12 10:41:02 [notice] 36#36: exiting
2023/12/12 10:41:02 [notice] 39#39: exiting
2023/12/12 10:41:02 [notice] 40#40: exiting
2023/12/12 10:41:02 [notice] 28#28: exit
2023/12/12 10:41:02 [notice] 29#29: exit
2023/12/12 10:41:02 [notice] 43#43: exiting
2023/12/12 10:41:02 [notice] 42#42: exiting
2023/12/12 10:41:02 [notice] 30#30: exit
2023/12/12 10:41:02 [notice] 31#31: exit
2023/12/12 10:41:02 [notice] 37#37: exit
2023/12/12 10:41:02 [notice] 38#38: exit
2023/12/12 10:41:02 [notice] 33#33: exit
2023/12/12 10:41:02 [notice] 35#35: exit
2023/12/12 10:41:02 [notice] 32#32: exit
2023/12/12 10:41:02 [notice] 34#34: exit
2023/12/12 10:41:02 [notice] 39#39: exit
2023/12/12 10:41:02 [notice] 36#36: exit
2023/12/12 10:41:02 [notice] 40#40: exit
2023/12/12 10:41:02 [notice] 43#43: exit
2023/12/12 10:41:02 [notice] 42#42: exit
2023/12/12 10:41:02 [notice] 41#41: gracefully shutting down
2023/12/12 10:41:02 [notice] 41#41: exiting
2023/12/12 10:41:02 [notice] 41#41: exit
2023/12/12 10:41:02 [notice] 1#1: signal 17 (SIGCHLD) received from 37
2023/12/12 10:41:02 [notice] 1#1: worker process 34 exited with code 0
2023/12/12 10:41:02 [notice] 1#1: worker process 37 exited with code 0
2023/12/12 10:41:02 [notice] 1#1: signal 29 (SIGIO) received
2023/12/12 10:41:02 [notice] 1#1: signal 17 (SIGCHLD) received from 34
2023/12/12 10:41:02 [notice] 1#1: signal 17 (SIGCHLD) received from 43
2023/12/12 10:41:02 [notice] 1#1: worker process 43 exited with code 0
2023/12/12 10:41:02 [notice] 1#1: signal 29 (SIGIO) received
2023/12/12 10:41:02 [notice] 1#1: signal 17 (SIGCHLD) received from 32
2023/12/12 10:41:02 [notice] 1#1: worker process 30 exited with code 0
2023/12/12 10:41:02 [notice] 1#1: worker process 31 exited with code 0
2023/12/12 10:41:02 [notice] 1#1: worker process 32 exited with code 0
2023/12/12 10:41:02 [notice] 1#1: signal 29 (SIGIO) received
2023/12/12 10:41:02 [notice] 1#1: signal 17 (SIGCHLD) received from 35
2023/12/12 10:41:02 [notice] 1#1: worker process 35 exited with code 0
2023/12/12 10:41:02 [notice] 1#1: worker process 39 exited with code 0
2023/12/12 10:41:02 [notice] 1#1: signal 29 (SIGIO) received
2023/12/12 10:41:02 [notice] 1#1: signal 17 (SIGCHLD) received from 39
2023/12/12 10:41:02 [notice] 1#1: signal 17 (SIGCHLD) received from 40
2023/12/12 10:41:02 [notice] 1#1: worker process 40 exited with code 0
2023/12/12 10:41:02 [notice] 1#1: signal 29 (SIGIO) received
2023/12/12 10:41:02 [notice] 1#1: signal 17 (SIGCHLD) received from 41
2023/12/12 10:41:02 [notice] 1#1: worker process 41 exited with code 0
2023/12/12 10:41:02 [notice] 1#1: signal 29 (SIGIO) received
2023/12/12 10:41:02 [notice] 1#1: signal 17 (SIGCHLD) received from 29
2023/12/12 10:41:02 [notice] 1#1: worker process 29 exited with code 0
2023/12/12 10:41:02 [notice] 1#1: signal 29 (SIGIO) received
2023/12/12 10:41:02 [notice] 1#1: signal 17 (SIGCHLD) received from 33
2023/12/12 10:41:02 [notice] 1#1: worker process 33 exited with code 0
2023/12/12 10:41:02 [notice] 1#1: signal 29 (SIGIO) received
2023/12/12 10:41:03 [notice] 1#1: signal 17 (SIGCHLD) received from 36
2023/12/12 10:41:03 [notice] 1#1: worker process 36 exited with code 0
2023/12/12 10:41:03 [notice] 1#1: signal 29 (SIGIO) received
2023/12/12 10:41:03 [notice] 1#1: signal 17 (SIGCHLD) received from 42
2023/12/12 10:41:03 [notice] 1#1: worker process 42 exited with code 0
2023/12/12 10:41:03 [notice] 1#1: signal 29 (SIGIO) received
2023/12/12 10:41:03 [notice] 1#1: signal 17 (SIGCHLD) received from 28
2023/12/12 10:41:03 [notice] 1#1: worker process 28 exited with code 0
2023/12/12 10:41:03 [notice] 1#1: signal 29 (SIGIO) received
2023/12/12 10:41:03 [notice] 1#1: signal 17 (SIGCHLD) received from 38
2023/12/12 10:41:03 [notice] 1#1: worker process 38 exited with code 0
2023/12/12 10:41:03 [notice] 1#1: exit
2023/12/12 10:41:28 [notice] 1#1: using the "epoll" event method
2023/12/12 10:41:28 [notice] 1#1: nginx/1.25.2
2023/12/12 10:41:28 [notice] 1#1: built by gcc 12.2.0 (Debian 12.2.0-14) 
2023/12/12 10:41:28 [notice] 1#1: OS: Linux 6.2.0-32-generic
2023/12/12 10:41:28 [notice] 1#1: getrlimit(RLIMIT_NOFILE): 1048576:1048576
2023/12/12 10:41:28 [notice] 1#1: start worker processes
2023/12/12 10:41:28 [notice] 1#1: start worker process 28
2023/12/12 10:41:28 [notice] 1#1: start worker process 29
2023/12/12 10:41:28 [notice] 1#1: start worker process 30
2023/12/12 10:41:28 [notice] 1#1: start worker process 31
2023/12/12 10:41:28 [notice] 1#1: start worker process 32
2023/12/12 10:41:28 [notice] 1#1: start worker process 33
2023/12/12 10:41:28 [notice] 1#1: start worker process 34
2023/12/12 10:41:28 [notice] 1#1: start worker process 35
2023/12/12 10:41:28 [notice] 1#1: start worker process 36
2023/12/12 10:41:28 [notice] 1#1: start worker process 37
2023/12/12 10:41:28 [notice] 1#1: start worker process 38
2023/12/12 10:41:28 [notice] 1#1: start worker process 39
2023/12/12 10:41:28 [notice] 1#1: start worker process 40
2023/12/12 10:41:28 [notice] 1#1: start worker process 41
2023/12/12 10:41:28 [notice] 1#1: start worker process 42
2023/12/12 10:41:28 [notice] 1#1: start worker process 43
2023/12/12 11:21:24 [notice] 1#1: signal 3 (SIGQUIT) received, shutting down
2023/12/12 11:21:24 [notice] 28#28: gracefully shutting down
2023/12/12 11:21:24 [notice] 31#31: gracefully shutting down
2023/12/12 11:21:24 [notice] 30#30: gracefully shutting down
2023/12/12 11:21:24 [notice] 34#34: gracefully shutting down
2023/12/12 11:21:24 [notice] 32#32: gracefully shutting down
2023/12/12 11:21:24 [notice] 28#28: exiting
2023/12/12 11:21:24 [notice] 36#36: gracefully shutting down
2023/12/12 11:21:24 [notice] 31#31: exiting
2023/12/12 11:21:24 [notice] 37#37: gracefully shutting down
2023/12/12 11:21:24 [notice] 33#33: gracefully shutting down
2023/12/12 11:21:24 [notice] 30#30: exiting
2023/12/12 11:21:24 [notice] 38#38: gracefully shutting down
2023/12/12 11:21:24 [notice] 39#39: gracefully shutting down
2023/12/12 11:21:24 [notice] 34#34: exiting
2023/12/12 11:21:24 [notice] 29#29: gracefully shutting down
2023/12/12 11:21:24 [notice] 40#40: gracefully shutting down
2023/12/12 11:21:24 [notice] 32#32: exiting
2023/12/12 11:21:24 [notice] 42#42: gracefully shutting down
2023/12/12 11:21:24 [notice] 35#35: gracefully shutting down
2023/12/12 11:21:24 [notice] 36#36: exiting
2023/12/12 11:21:24 [notice] 37#37: exiting
2023/12/12 11:21:24 [notice] 33#33: exiting
2023/12/12 11:21:24 [notice] 38#38: exiting
2023/12/12 11:21:24 [notice] 39#39: exiting
2023/12/12 11:21:24 [notice] 31#31: exit
2023/12/12 11:21:24 [notice] 28#28: exit
2023/12/12 11:21:24 [notice] 30#30: exit
2023/12/12 11:21:24 [notice] 29#29: exiting
2023/12/12 11:21:24 [notice] 40#40: exiting
2023/12/12 11:21:24 [notice] 42#42: exiting
2023/12/12 11:21:24 [notice] 34#34: exit
2023/12/12 11:21:24 [notice] 35#35: exiting
2023/12/12 11:21:24 [notice] 32#32: exit
2023/12/12 11:21:24 [notice] 36#36: exit
2023/12/12 11:21:24 [notice] 37#37: exit
2023/12/12 11:21:24 [notice] 33#33: exit
2023/12/12 11:21:24 [notice] 38#38: exit
2023/12/12 11:21:24 [notice] 39#39: exit
2023/12/12 11:21:24 [notice] 40#40: exit
2023/12/12 11:21:24 [notice] 29#29: exit
2023/12/12 11:21:24 [notice] 42#42: exit
2023/12/12 11:21:24 [notice] 35#35: exit
2023/12/12 11:21:24 [notice] 41#41: gracefully shutting down
2023/12/12 11:21:24 [notice] 41#41: exiting
2023/12/12 11:21:24 [notice] 41#41: exit
2023/12/12 11:21:24 [notice] 43#43: gracefully shutting down
2023/12/12 11:21:24 [notice] 43#43: exiting
2023/12/12 11:21:24 [notice] 43#43: exit
2023/12/12 11:21:24 [notice] 1#1: signal 17 (SIGCHLD) received from 35
2023/12/12 11:21:24 [notice] 1#1: worker process 35 exited with code 0
2023/12/12 11:21:24 [notice] 1#1: worker process 42 exited with code 0
2023/12/12 11:21:24 [notice] 1#1: signal 29 (SIGIO) received
2023/12/12 11:21:24 [notice] 1#1: signal 17 (SIGCHLD) received from 38
2023/12/12 11:21:24 [notice] 1#1: worker process 38 exited with code 0
2023/12/12 11:21:24 [notice] 1#1: signal 29 (SIGIO) received
2023/12/12 11:21:24 [notice] 1#1: signal 17 (SIGCHLD) received from 37
2023/12/12 11:21:24 [notice] 1#1: worker process 33 exited with code 0
2023/12/12 11:21:24 [notice] 1#1: worker process 37 exited with code 0
2023/12/12 11:21:24 [notice] 1#1: signal 29 (SIGIO) received
2023/12/12 11:21:24 [notice] 1#1: signal 17 (SIGCHLD) received from 28
2023/12/12 11:21:24 [notice] 1#1: worker process 28 exited with code 0
2023/12/12 11:21:24 [notice] 1#1: signal 29 (SIGIO) received
2023/12/12 11:21:24 [notice] 1#1: signal 17 (SIGCHLD) received from 32
2023/12/12 11:21:24 [notice] 1#1: worker process 32 exited with code 0
2023/12/12 11:21:24 [notice] 1#1: signal 29 (SIGIO) received
2023/12/12 11:21:24 [notice] 1#1: signal 17 (SIGCHLD) received from 39
2023/12/12 11:21:24 [notice] 1#1: worker process 34 exited with code 0
2023/12/12 11:21:24 [notice] 1#1: worker process 36 exited with code 0
2023/12/12 11:21:24 [notice] 1#1: worker process 30 exited with code 0
2023/12/12 11:21:24 [notice] 1#1: worker process 39 exited with code 0
2023/12/12 11:21:24 [notice] 1#1: signal 29 (SIGIO) received
2023/12/12 11:21:24 [notice] 1#1: signal 17 (SIGCHLD) received from 34
2023/12/12 11:21:24 [notice] 1#1: worker process 29 exited with code 0
2023/12/12 11:21:24 [notice] 1#1: worker process 40 exited with code 0
2023/12/12 11:21:24 [notice] 1#1: signal 29 (SIGIO) received
2023/12/12 11:21:24 [notice] 1#1: signal 17 (SIGCHLD) received from 43
2023/12/12 11:21:24 [notice] 1#1: worker process 43 exited with code 0
2023/12/12 11:21:24 [notice] 1#1: signal 29 (SIGIO) received
2023/12/12 11:21:24 [notice] 1#1: signal 17 (SIGCHLD) received from 31
2023/12/12 11:21:24 [notice] 1#1: worker process 31 exited with code 0
2023/12/12 11:21:24 [notice] 1#1: worker process 41 exited with code 0
2023/12/12 11:21:24 [notice] 1#1: exit
2023/12/13 06:31:29 [notice] 1#1: using the "epoll" event method
2023/12/13 06:31:29 [notice] 1#1: nginx/1.25.2
2023/12/13 06:31:29 [notice] 1#1: built by gcc 12.2.0 (Debian 12.2.0-14) 
2023/12/13 06:31:29 [notice] 1#1: OS: Linux 6.2.0-32-generic
2023/12/13 06:31:29 [notice] 1#1: getrlimit(RLIMIT_NOFILE): 1048576:1048576
2023/12/13 06:31:29 [notice] 1#1: start worker processes
2023/12/13 06:31:29 [notice] 1#1: start worker process 28
2023/12/13 06:31:29 [notice] 1#1: start worker process 29
2023/12/13 06:31:29 [notice] 1#1: start worker process 30
2023/12/13 06:31:29 [notice] 1#1: start worker process 31
2023/12/13 06:31:29 [notice] 1#1: start worker process 32
2023/12/13 06:31:29 [notice] 1#1: start worker process 33
2023/12/13 06:31:29 [notice] 1#1: start worker process 34
2023/12/13 06:31:29 [notice] 1#1: start worker process 35
2023/12/13 06:31:29 [notice] 1#1: start worker process 36
2023/12/13 06:31:29 [notice] 1#1: start worker process 37
2023/12/13 06:31:29 [notice] 1#1: start worker process 38
2023/12/13 06:31:29 [notice] 1#1: start worker process 39
2023/12/13 06:31:29 [notice] 1#1: start worker process 40
2023/12/13 06:31:29 [notice] 1#1: start worker process 41
2023/12/13 06:31:29 [notice] 1#1: start worker process 42
2023/12/13 06:31:29 [notice] 1#1: start worker process 43
2023/12/13 06:59:09 [error] 30#30: *3 upstream timed out (110: Connection timed out) while reading response header from upstream, client: 172.24.0.1, server: lifecycle.loc, request: "GET / HTTP/1.1", upstream: "fastcgi://172.24.0.3:9000", host: "localhost:8000"
2023/12/13 07:00:09 [error] 30#30: *3 upstream timed out (110: Connection timed out) while reading response header from upstream, client: 172.24.0.1, server: lifecycle.loc, request: "GET /favicon.ico HTTP/1.1", upstream: "fastcgi://172.24.0.3:9000", host: "localhost:8000", referrer: "http://localhost:8000/"
2023/12/13 07:00:17 [error] 32#32: *7 upstream timed out (110: Connection timed out) while reading response header from upstream, client: 172.24.0.1, server: lifecycle.loc, request: "GET / HTTP/1.1", upstream: "fastcgi://172.24.0.3:9000", host: "localhost:8000"
2023/12/13 07:02:32 [error] 30#30: *3 upstream timed out (110: Connection timed out) while reading response header from upstream, client: 172.24.0.1, server: lifecycle.loc, request: "GET / HTTP/1.1", upstream: "fastcgi://172.24.0.3:9000", host: "localhost:8000"
2023/12/13 07:03:39 [error] 34#34: *21 upstream timed out (110: Connection timed out) while reading response header from upstream, client: 172.24.0.1, server: lifecycle.loc, request: "GET / HTTP/1.1", upstream: "fastcgi://172.24.0.3:9000", host: "localhost:8000"
2023/12/13 09:56:14 [notice] 1#1: signal 3 (SIGQUIT) received, shutting down
2023/12/13 09:56:14 [notice] 28#28: gracefully shutting down
2023/12/13 09:56:14 [notice] 29#29: gracefully shutting down
2023/12/13 09:56:14 [notice] 31#31: gracefully shutting down
2023/12/13 09:56:14 [notice] 30#30: gracefully shutting down
2023/12/13 09:56:14 [notice] 32#32: gracefully shutting down
2023/12/13 09:56:14 [notice] 35#35: gracefully shutting down
2023/12/13 09:56:14 [notice] 33#33: gracefully shutting down
2023/12/13 09:56:14 [notice] 36#36: gracefully shutting down
2023/12/13 09:56:14 [notice] 38#38: gracefully shutting down
2023/12/13 09:56:14 [notice] 28#28: exiting
2023/12/13 09:56:14 [notice] 29#29: exiting
2023/12/13 09:56:14 [notice] 43#43: gracefully shutting down
2023/12/13 09:56:14 [notice] 41#41: gracefully shutting down
2023/12/13 09:56:14 [notice] 31#31: exiting
2023/12/13 09:56:14 [notice] 39#39: gracefully shutting down
2023/12/13 09:56:14 [notice] 37#37: gracefully shutting down
2023/12/13 09:56:14 [notice] 30#30: exiting
2023/12/13 09:56:14 [notice] 34#34: gracefully shutting down
2023/12/13 09:56:14 [notice] 40#40: gracefully shutting down
2023/12/13 09:56:14 [notice] 32#32: exiting
2023/12/13 09:56:14 [notice] 35#35: exiting
2023/12/13 09:56:14 [notice] 33#33: exiting
2023/12/13 09:56:14 [notice] 36#36: exiting
2023/12/13 09:56:14 [notice] 38#38: exiting
2023/12/13 09:56:14 [notice] 43#43: exiting
2023/12/13 09:56:14 [notice] 41#41: exiting
2023/12/13 09:56:14 [notice] 39#39: exiting
2023/12/13 09:56:14 [notice] 37#37: exiting
2023/12/13 09:56:14 [notice] 29#29: exit
2023/12/13 09:56:14 [notice] 28#28: exit
2023/12/13 09:56:14 [notice] 31#31: exit
2023/12/13 09:56:14 [notice] 34#34: exiting
2023/12/13 09:56:14 [notice] 40#40: exiting
2023/12/13 09:56:14 [notice] 30#30: exit
2023/12/13 09:56:14 [notice] 32#32: exit
2023/12/13 09:56:14 [notice] 35#35: exit
2023/12/13 09:56:14 [notice] 33#33: exit
2023/12/13 09:56:14 [notice] 38#38: exit
2023/12/13 09:56:14 [notice] 41#41: exit
2023/12/13 09:56:14 [notice] 36#36: exit
2023/12/13 09:56:14 [notice] 43#43: exit
2023/12/13 09:56:14 [notice] 39#39: exit
2023/12/13 09:56:14 [notice] 37#37: exit
2023/12/13 09:56:14 [notice] 34#34: exit
2023/12/13 09:56:14 [notice] 40#40: exit
2023/12/13 09:56:14 [notice] 42#42: gracefully shutting down
2023/12/13 09:56:14 [notice] 42#42: exiting
2023/12/13 09:56:14 [notice] 42#42: exit
2023/12/13 09:56:14 [notice] 1#1: signal 17 (SIGCHLD) received from 38
2023/12/13 09:56:14 [notice] 1#1: worker process 38 exited with code 0
2023/12/13 09:56:14 [notice] 1#1: signal 29 (SIGIO) received
2023/12/13 09:56:14 [notice] 1#1: signal 17 (SIGCHLD) received from 32
2023/12/13 09:56:14 [notice] 1#1: worker process 32 exited with code 0
2023/12/13 09:56:14 [notice] 1#1: signal 29 (SIGIO) received
2023/12/13 09:56:14 [notice] 1#1: signal 17 (SIGCHLD) received from 34
2023/12/13 09:56:14 [notice] 1#1: worker process 34 exited with code 0
2023/12/13 09:56:14 [notice] 1#1: signal 29 (SIGIO) received
2023/12/13 09:56:14 [notice] 1#1: signal 17 (SIGCHLD) received from 39
2023/12/13 09:56:14 [notice] 1#1: worker process 39 exited with code 0
2023/12/13 09:56:14 [notice] 1#1: signal 29 (SIGIO) received
2023/12/13 09:56:14 [notice] 1#1: signal 17 (SIGCHLD) received from 33
2023/12/13 09:56:14 [notice] 1#1: worker process 33 exited with code 0
2023/12/13 09:56:14 [notice] 1#1: signal 29 (SIGIO) received
2023/12/13 09:56:14 [notice] 1#1: signal 17 (SIGCHLD) received from 28
2023/12/13 09:56:14 [notice] 1#1: worker process 28 exited with code 0
2023/12/13 09:56:14 [notice] 1#1: signal 29 (SIGIO) received
2023/12/13 09:56:14 [notice] 1#1: signal 17 (SIGCHLD) received from 37
2023/12/13 09:56:14 [notice] 1#1: worker process 37 exited with code 0
2023/12/13 09:56:14 [notice] 1#1: signal 29 (SIGIO) received
2023/12/13 09:56:14 [notice] 1#1: signal 17 (SIGCHLD) received from 43
2023/12/13 09:56:14 [notice] 1#1: worker process 43 exited with code 0
2023/12/13 09:56:14 [notice] 1#1: signal 29 (SIGIO) received
2023/12/13 09:56:14 [notice] 1#1: signal 17 (SIGCHLD) received from 42
2023/12/13 09:56:14 [notice] 1#1: worker process 42 exited with code 0
2023/12/13 09:56:14 [notice] 1#1: signal 29 (SIGIO) received
2023/12/13 09:56:14 [notice] 1#1: signal 17 (SIGCHLD) received from 35
2023/12/13 09:56:14 [notice] 1#1: worker process 29 exited with code 0
2023/12/13 09:56:14 [notice] 1#1: worker process 35 exited with code 0
2023/12/13 09:56:14 [notice] 1#1: signal 29 (SIGIO) received
2023/12/13 09:56:14 [notice] 1#1: signal 17 (SIGCHLD) received from 41
2023/12/13 09:56:14 [notice] 1#1: worker process 41 exited with code 0
2023/12/13 09:56:14 [notice] 1#1: signal 29 (SIGIO) received
2023/12/13 09:56:14 [notice] 1#1: signal 17 (SIGCHLD) received from 40
2023/12/13 09:56:14 [notice] 1#1: worker process 40 exited with code 0
2023/12/13 09:56:14 [notice] 1#1: signal 29 (SIGIO) received
2023/12/13 09:56:14 [notice] 1#1: signal 17 (SIGCHLD) received from 36
2023/12/13 09:56:14 [notice] 1#1: worker process 36 exited with code 0
2023/12/13 09:56:14 [notice] 1#1: signal 29 (SIGIO) received
2023/12/13 09:56:14 [notice] 1#1: signal 17 (SIGCHLD) received from 31
2023/12/13 09:56:14 [notice] 1#1: worker process 31 exited with code 0
2023/12/13 09:56:14 [notice] 1#1: signal 29 (SIGIO) received
2023/12/13 09:56:14 [notice] 1#1: signal 17 (SIGCHLD) received from 30
2023/12/13 09:56:14 [notice] 1#1: worker process 30 exited with code 0
2023/12/13 09:56:14 [notice] 1#1: exit
2023/12/13 09:56:46 [notice] 1#1: using the "epoll" event method
2023/12/13 09:56:46 [notice] 1#1: nginx/1.25.2
2023/12/13 09:56:46 [notice] 1#1: built by gcc 12.2.0 (Debian 12.2.0-14) 
2023/12/13 09:56:46 [notice] 1#1: OS: Linux 6.2.0-32-generic
2023/12/13 09:56:46 [notice] 1#1: getrlimit(RLIMIT_NOFILE): 1048576:1048576
2023/12/13 09:56:46 [notice] 1#1: start worker processes
2023/12/13 09:56:46 [notice] 1#1: start worker process 28
2023/12/13 09:56:46 [notice] 1#1: start worker process 29
2023/12/13 09:56:46 [notice] 1#1: start worker process 30
2023/12/13 09:56:46 [notice] 1#1: start worker process 31
2023/12/13 09:56:46 [notice] 1#1: start worker process 32
2023/12/13 09:56:46 [notice] 1#1: start worker process 33
2023/12/13 09:56:46 [notice] 1#1: start worker process 34
2023/12/13 09:56:46 [notice] 1#1: start worker process 35
2023/12/13 09:56:46 [notice] 1#1: start worker process 36
2023/12/13 09:56:46 [notice] 1#1: start worker process 37
2023/12/13 09:56:46 [notice] 1#1: start worker process 38
2023/12/13 09:56:46 [notice] 1#1: start worker process 39
2023/12/13 09:56:46 [notice] 1#1: start worker process 40
2023/12/13 09:56:46 [notice] 1#1: start worker process 41
2023/12/13 09:56:46 [notice] 1#1: start worker process 42
2023/12/13 09:56:46 [notice] 1#1: start worker process 43
2023/12/13 10:41:31 [notice] 1#1: signal 3 (SIGQUIT) received, shutting down
2023/12/13 10:41:31 [notice] 29#29: gracefully shutting down
2023/12/13 10:41:31 [notice] 28#28: gracefully shutting down
2023/12/13 10:41:31 [notice] 35#35: gracefully shutting down
2023/12/13 10:41:31 [notice] 29#29: exiting
2023/12/13 10:41:31 [notice] 36#36: gracefully shutting down
2023/12/13 10:41:31 [notice] 31#31: gracefully shutting down
2023/12/13 10:41:31 [notice] 33#33: gracefully shutting down
2023/12/13 10:41:31 [notice] 32#32: gracefully shutting down
2023/12/13 10:41:31 [notice] 34#34: gracefully shutting down
2023/12/13 10:41:31 [notice] 28#28: exiting
2023/12/13 10:41:31 [notice] 30#30: gracefully shutting down
2023/12/13 10:41:31 [notice] 38#38: gracefully shutting down
2023/12/13 10:41:31 [notice] 37#37: gracefully shutting down
2023/12/13 10:41:31 [notice] 39#39: gracefully shutting down
2023/12/13 10:41:31 [notice] 40#40: gracefully shutting down
2023/12/13 10:41:31 [notice] 35#35: exiting
2023/12/13 10:41:31 [notice] 39#39: exiting
2023/12/13 10:41:31 [notice] 41#41: gracefully shutting down
2023/12/13 10:41:31 [notice] 36#36: exiting
2023/12/13 10:41:31 [notice] 31#31: exiting
2023/12/13 10:41:31 [notice] 33#33: exiting
2023/12/13 10:41:31 [notice] 29#29: exit
2023/12/13 10:41:31 [notice] 32#32: exiting
2023/12/13 10:41:31 [notice] 34#34: exiting
2023/12/13 10:41:31 [notice] 28#28: exit
2023/12/13 10:41:31 [notice] 42#42: gracefully shutting down
2023/12/13 10:41:31 [notice] 30#30: exiting
2023/12/13 10:41:31 [notice] 38#38: exiting
2023/12/13 10:41:31 [notice] 37#37: exiting
2023/12/13 10:41:31 [notice] 40#40: exiting
2023/12/13 10:41:31 [notice] 41#41: exiting
2023/12/13 10:41:31 [notice] 39#39: exit
2023/12/13 10:41:31 [notice] 35#35: exit
2023/12/13 10:41:31 [notice] 31#31: exit
2023/12/13 10:41:31 [notice] 42#42: exiting
2023/12/13 10:41:31 [notice] 36#36: exit
2023/12/13 10:41:31 [notice] 33#33: exit
2023/12/13 10:41:31 [notice] 32#32: exit
2023/12/13 10:41:31 [notice] 34#34: exit
2023/12/13 10:41:31 [notice] 38#38: exit
2023/12/13 10:41:31 [notice] 37#37: exit
2023/12/13 10:41:31 [notice] 30#30: exit
2023/12/13 10:41:31 [notice] 41#41: exit
2023/12/13 10:41:31 [notice] 40#40: exit
2023/12/13 10:41:31 [notice] 42#42: exit
2023/12/13 10:41:31 [notice] 43#43: gracefully shutting down
2023/12/13 10:41:31 [notice] 43#43: exiting
2023/12/13 10:41:31 [notice] 43#43: exit
2023/12/13 10:41:31 [notice] 1#1: signal 17 (SIGCHLD) received from 33
2023/12/13 10:41:31 [notice] 1#1: worker process 33 exited with code 0
2023/12/13 10:41:31 [notice] 1#1: signal 29 (SIGIO) received
2023/12/13 10:41:31 [notice] 1#1: signal 17 (SIGCHLD) received from 31
2023/12/13 10:41:31 [notice] 1#1: worker process 31 exited with code 0
2023/12/13 10:41:31 [notice] 1#1: worker process 37 exited with code 0
2023/12/13 10:41:31 [notice] 1#1: signal 29 (SIGIO) received
2023/12/13 10:41:31 [notice] 1#1: signal 17 (SIGCHLD) received from 30
2023/12/13 10:41:31 [notice] 1#1: worker process 30 exited with code 0
2023/12/13 10:41:31 [notice] 1#1: signal 29 (SIGIO) received
2023/12/13 10:41:31 [notice] 1#1: signal 17 (SIGCHLD) received from 28
2023/12/13 10:41:31 [notice] 1#1: worker process 28 exited with code 0
2023/12/13 10:41:31 [notice] 1#1: signal 29 (SIGIO) received
2023/12/13 10:41:31 [notice] 1#1: signal 17 (SIGCHLD) received from 38
2023/12/13 10:41:31 [notice] 1#1: worker process 34 exited with code 0
2023/12/13 10:41:31 [notice] 1#1: worker process 38 exited with code 0
2023/12/13 10:41:31 [notice] 1#1: signal 29 (SIGIO) received
2023/12/13 10:41:31 [notice] 1#1: signal 17 (SIGCHLD) received from 34
2023/12/13 10:41:31 [notice] 1#1: worker process 32 exited with code 0
2023/12/13 10:41:31 [notice] 1#1: signal 29 (SIGIO) received
2023/12/13 10:41:31 [notice] 1#1: signal 17 (SIGCHLD) received from 32
2023/12/13 10:41:31 [notice] 1#1: signal 17 (SIGCHLD) received from 29
2023/12/13 10:41:31 [notice] 1#1: worker process 29 exited with code 0
2023/12/13 10:41:31 [notice] 1#1: signal 29 (SIGIO) received
2023/12/13 10:41:31 [notice] 1#1: signal 17 (SIGCHLD) received from 41
2023/12/13 10:41:31 [notice] 1#1: worker process 41 exited with code 0
2023/12/13 10:41:31 [notice] 1#1: signal 29 (SIGIO) received
2023/12/13 10:41:31 [notice] 1#1: signal 17 (SIGCHLD) received from 40
2023/12/13 10:41:31 [notice] 1#1: worker process 40 exited with code 0
2023/12/13 10:41:31 [notice] 1#1: signal 29 (SIGIO) received
2023/12/13 10:41:31 [notice] 1#1: signal 17 (SIGCHLD) received from 39
2023/12/13 10:41:31 [notice] 1#1: worker process 39 exited with code 0
2023/12/13 10:41:31 [notice] 1#1: signal 29 (SIGIO) received
2023/12/13 10:41:31 [notice] 1#1: signal 17 (SIGCHLD) received from 42
2023/12/13 10:41:31 [notice] 1#1: worker process 36 exited with code 0
2023/12/13 10:41:31 [notice] 1#1: worker process 42 exited with code 0
2023/12/13 10:41:31 [notice] 1#1: signal 29 (SIGIO) received
2023/12/13 10:41:31 [notice] 1#1: signal 17 (SIGCHLD) received from 35
2023/12/13 10:41:31 [notice] 1#1: worker process 35 exited with code 0
2023/12/13 10:41:31 [notice] 1#1: signal 29 (SIGIO) received
2023/12/13 10:41:31 [notice] 1#1: signal 17 (SIGCHLD) received from 43
2023/12/13 10:41:31 [notice] 1#1: worker process 43 exited with code 0
2023/12/13 10:41:31 [notice] 1#1: exit
2023/12/18 07:08:50 [notice] 1#1: using the "epoll" event method
2023/12/18 07:08:50 [notice] 1#1: nginx/1.25.2
2023/12/18 07:08:50 [notice] 1#1: built by gcc 12.2.0 (Debian 12.2.0-14) 
2023/12/18 07:08:50 [notice] 1#1: OS: Linux 6.2.0-32-generic
2023/12/18 07:08:50 [notice] 1#1: getrlimit(RLIMIT_NOFILE): 1048576:1048576
2023/12/18 07:08:50 [notice] 1#1: start worker processes
2023/12/18 07:08:50 [notice] 1#1: start worker process 28
2023/12/18 07:08:50 [notice] 1#1: start worker process 29
2023/12/18 07:08:50 [notice] 1#1: start worker process 30
2023/12/18 07:08:50 [notice] 1#1: start worker process 31
2023/12/18 07:08:50 [notice] 1#1: start worker process 32
2023/12/18 07:08:50 [notice] 1#1: start worker process 33
2023/12/18 07:08:50 [notice] 1#1: start worker process 34
2023/12/18 07:08:50 [notice] 1#1: start worker process 35
2023/12/18 07:08:50 [notice] 1#1: start worker process 36
2023/12/18 07:08:50 [notice] 1#1: start worker process 37
2023/12/18 07:08:50 [notice] 1#1: start worker process 38
2023/12/18 07:08:50 [notice] 1#1: start worker process 39
2023/12/18 07:08:50 [notice] 1#1: start worker process 40
2023/12/18 07:08:50 [notice] 1#1: start worker process 41
2023/12/18 07:08:50 [notice] 1#1: start worker process 42
2023/12/18 07:08:50 [notice] 1#1: start worker process 43
2023/12/18 09:03:29 [notice] 1#1: signal 3 (SIGQUIT) received, shutting down
2023/12/18 09:03:29 [notice] 28#28: gracefully shutting down
2023/12/18 09:03:29 [notice] 29#29: gracefully shutting down
2023/12/18 09:03:29 [notice] 30#30: gracefully shutting down
2023/12/18 09:03:29 [notice] 31#31: gracefully shutting down
2023/12/18 09:03:29 [notice] 38#38: gracefully shutting down
2023/12/18 09:03:29 [notice] 34#34: gracefully shutting down
2023/12/18 09:03:29 [notice] 28#28: exiting
2023/12/18 09:03:29 [notice] 36#36: gracefully shutting down
2023/12/18 09:03:29 [notice] 32#32: gracefully shutting down
2023/12/18 09:03:29 [notice] 37#37: gracefully shutting down
2023/12/18 09:03:29 [notice] 33#33: gracefully shutting down
2023/12/18 09:03:29 [notice] 40#40: gracefully shutting down
2023/12/18 09:03:29 [notice] 29#29: exiting
2023/12/18 09:03:29 [notice] 30#30: exiting
2023/12/18 09:03:29 [notice] 41#41: gracefully shutting down
2023/12/18 09:03:29 [notice] 31#31: exiting
2023/12/18 09:03:29 [notice] 43#43: gracefully shutting down
2023/12/18 09:03:29 [notice] 28#28: exit
2023/12/18 09:03:29 [notice] 39#39: gracefully shutting down
2023/12/18 09:03:29 [notice] 38#38: exiting
2023/12/18 09:03:29 [notice] 34#34: exiting
2023/12/18 09:03:29 [notice] 36#36: exiting
2023/12/18 09:03:29 [notice] 32#32: exiting
2023/12/18 09:03:29 [notice] 37#37: exiting
2023/12/18 09:03:29 [notice] 33#33: exiting
2023/12/18 09:03:29 [notice] 40#40: exiting
2023/12/18 09:03:29 [notice] 41#41: exiting
2023/12/18 09:03:29 [notice] 43#43: exiting
2023/12/18 09:03:29 [notice] 39#39: exiting
2023/12/18 09:03:29 [notice] 29#29: exit
2023/12/18 09:03:29 [notice] 30#30: exit
2023/12/18 09:03:29 [notice] 31#31: exit
2023/12/18 09:03:29 [notice] 34#34: exit
2023/12/18 09:03:29 [notice] 32#32: exit
2023/12/18 09:03:29 [notice] 38#38: exit
2023/12/18 09:03:29 [notice] 37#37: exit
2023/12/18 09:03:29 [notice] 41#41: exit
2023/12/18 09:03:29 [notice] 40#40: exit
2023/12/18 09:03:29 [notice] 36#36: exit
2023/12/18 09:03:29 [notice] 33#33: exit
2023/12/18 09:03:29 [notice] 43#43: exit
2023/12/18 09:03:29 [notice] 39#39: exit
2023/12/18 09:03:29 [notice] 42#42: gracefully shutting down
2023/12/18 09:03:29 [notice] 42#42: exiting
2023/12/18 09:03:29 [notice] 42#42: exit
2023/12/18 09:03:29 [notice] 35#35: gracefully shutting down
2023/12/18 09:03:29 [notice] 35#35: exiting
2023/12/18 09:03:29 [notice] 35#35: exit
2023/12/18 09:03:29 [notice] 1#1: signal 17 (SIGCHLD) received from 43
2023/12/18 09:03:29 [notice] 1#1: worker process 43 exited with code 0
2023/12/18 09:03:29 [notice] 1#1: signal 29 (SIGIO) received
2023/12/18 09:03:29 [notice] 1#1: signal 17 (SIGCHLD) received from 34
2023/12/18 09:03:29 [notice] 1#1: worker process 34 exited with code 0
2023/12/18 09:03:29 [notice] 1#1: signal 29 (SIGIO) received
2023/12/18 09:03:29 [notice] 1#1: signal 17 (SIGCHLD) received from 36
2023/12/18 09:03:29 [notice] 1#1: worker process 36 exited with code 0
2023/12/18 09:03:29 [notice] 1#1: signal 29 (SIGIO) received
2023/12/18 09:03:29 [notice] 1#1: signal 17 (SIGCHLD) received from 39
2023/12/18 09:03:29 [notice] 1#1: worker process 39 exited with code 0
2023/12/18 09:03:29 [notice] 1#1: signal 29 (SIGIO) received
2023/12/18 09:03:29 [notice] 1#1: signal 17 (SIGCHLD) received from 32
2023/12/18 09:03:29 [notice] 1#1: worker process 32 exited with code 0
2023/12/18 09:03:29 [notice] 1#1: signal 29 (SIGIO) received
2023/12/18 09:03:29 [notice] 1#1: signal 17 (SIGCHLD) received from 37
2023/12/18 09:03:29 [notice] 1#1: worker process 37 exited with code 0
2023/12/18 09:03:29 [notice] 1#1: signal 29 (SIGIO) received
2023/12/18 09:03:29 [notice] 1#1: signal 17 (SIGCHLD) received from 42
2023/12/18 09:03:29 [notice] 1#1: worker process 42 exited with code 0
2023/12/18 09:03:29 [notice] 1#1: signal 29 (SIGIO) received
2023/12/18 09:03:29 [notice] 1#1: signal 17 (SIGCHLD) received from 41
2023/12/18 09:03:29 [notice] 1#1: worker process 35 exited with code 0
2023/12/18 09:03:29 [notice] 1#1: worker process 41 exited with code 0
2023/12/18 09:03:29 [notice] 1#1: signal 29 (SIGIO) received
2023/12/18 09:03:29 [notice] 1#1: signal 17 (SIGCHLD) received from 35
2023/12/18 09:03:29 [notice] 1#1: worker process 31 exited with code 0
2023/12/18 09:03:29 [notice] 1#1: signal 29 (SIGIO) received
2023/12/18 09:03:29 [notice] 1#1: signal 17 (SIGCHLD) received from 38
2023/12/18 09:03:29 [notice] 1#1: worker process 38 exited with code 0
2023/12/18 09:03:29 [notice] 1#1: signal 29 (SIGIO) received
2023/12/18 09:03:29 [notice] 1#1: signal 17 (SIGCHLD) received from 40
2023/12/18 09:03:29 [notice] 1#1: worker process 40 exited with code 0
2023/12/18 09:03:29 [notice] 1#1: signal 29 (SIGIO) received
2023/12/18 09:03:29 [notice] 1#1: signal 17 (SIGCHLD) received from 28
2023/12/18 09:03:29 [notice] 1#1: worker process 28 exited with code 0
2023/12/18 09:03:29 [notice] 1#1: worker process 29 exited with code 0
2023/12/18 09:03:29 [notice] 1#1: signal 29 (SIGIO) received
2023/12/18 09:03:29 [notice] 1#1: signal 17 (SIGCHLD) received from 29
2023/12/18 09:03:29 [notice] 1#1: signal 17 (SIGCHLD) received from 33
2023/12/18 09:03:29 [notice] 1#1: worker process 33 exited with code 0
2023/12/18 09:03:29 [notice] 1#1: signal 29 (SIGIO) received
2023/12/18 09:03:29 [notice] 1#1: signal 17 (SIGCHLD) received from 30
2023/12/18 09:03:29 [notice] 1#1: worker process 30 exited with code 0
2023/12/18 09:03:29 [notice] 1#1: exit
2023/12/19 04:46:47 [notice] 1#1: using the "epoll" event method
2023/12/19 04:46:47 [notice] 1#1: nginx/1.25.2
2023/12/19 04:46:47 [notice] 1#1: built by gcc 12.2.0 (Debian 12.2.0-14) 
2023/12/19 04:46:47 [notice] 1#1: OS: Linux 6.2.0-32-generic
2023/12/19 04:46:47 [notice] 1#1: getrlimit(RLIMIT_NOFILE): 1048576:1048576
2023/12/19 04:46:47 [notice] 1#1: start worker processes
2023/12/19 04:46:47 [notice] 1#1: start worker process 28
2023/12/19 04:46:47 [notice] 1#1: start worker process 29
2023/12/19 04:46:47 [notice] 1#1: start worker process 30
2023/12/19 04:46:47 [notice] 1#1: start worker process 31
2023/12/19 04:46:47 [notice] 1#1: start worker process 32
2023/12/19 04:46:47 [notice] 1#1: start worker process 33
2023/12/19 04:46:47 [notice] 1#1: start worker process 34
2023/12/19 04:46:47 [notice] 1#1: start worker process 35
2023/12/19 04:46:47 [notice] 1#1: start worker process 36
2023/12/19 04:46:47 [notice] 1#1: start worker process 37
2023/12/19 04:46:47 [notice] 1#1: start worker process 38
2023/12/19 04:46:47 [notice] 1#1: start worker process 39
2023/12/19 04:46:47 [notice] 1#1: start worker process 40
2023/12/19 04:46:47 [notice] 1#1: start worker process 41
2023/12/19 04:46:47 [notice] 1#1: start worker process 42
2023/12/19 04:46:47 [notice] 1#1: start worker process 43
